No image attachment found.
{"status":400,"message":"Invalid Parameters!","data":false}
No image attachment found.
{"status":200,"message":"WhatsApp chat has been sent!","data":false}
No image attachment found.
{"status":200,"message":"WhatsApp chat has been sent!","data":false}
No image attachment found.
{"status":200,"message":"WhatsApp chat has been sent!","data":false}
No image attachment found.
{"status":200,"message":"WhatsApp chat has been sent!","data":false}
Sending initial message: Attachment received!
Sending winning text: 
No image attachment found.
{"status":200,"message":"WhatsApp chat has been sent!","data":false}
Sending initial message: Attachment received!
Sending winning text: 
No image attachment found.
{"status":200,"message":"WhatsApp chat has been sent!","data":false}
Sending initial message: Attachment received!
Sending winning text: 
No image attachment found.
{"status":200,"message":"WhatsApp chat has been sent!","data":false}
Sending initial message: Attachment received!
Sending winning text: 
No image attachment found.
{"status":200,"message":"WhatsApp chat has been sent!","data":false}
No image attachment found.
{"status":200,"message":"WhatsApp chat has been sent!","data":false}
Sending initial message: Attachment received!
Sending winning text: 
Sending initial message: Attachment received!
Sending winning text: 
No image attachment found.
{"status":200,"message":"WhatsApp chat has been sent!","data":false}
No image attachment found.
{"status":200,"message":"WhatsApp chat has been sent!","data":false}
No image attachment found.
{"status":200,"message":"WhatsApp chat has been sent!","data":false}
No image attachment found.
{"status":200,"message":"WhatsApp chat has been sent!","data":false}
No image attachment found.
{"status":200,"message":"WhatsApp chat has been sent!","data":false}
No image attachment found.
{"status":200,"message":"WhatsApp chat has been sent!","data":false}
No image attachment found.
{"status":200,"message":"WhatsApp chat has been sent!","data":false}
Sending initial message: Attachment received!
Sending winning text: 
Sending initial message: Attachment received!
Sending initial message: Attachment received!
Sending initial message: Attachment received!
Sending initial message: Attachment received!
Sending winning text: 
Sending winning text: 
Sending winning text: 
Sending initial message: Attachment received!
Sending winning text: 
Sending winning text: 
Sending initial message: Attachment received!
Sending winning text: 
No image attachment found.
{"status":200,"message":"WhatsApp chat has been sent!","data":false}
No image attachment found.
{"status":200,"message":"WhatsApp chat has been sent!","data":false}
No image attachment found.
{"status":200,"message":"WhatsApp chat has been sent!","data":false}
No image attachment found.
{"status":200,"message":"WhatsApp chat has been sent!","data":false}
No image attachment found.
{"status":200,"message":"WhatsApp chat has been sent!","data":false}
No image attachment found.
{"status":200,"message":"WhatsApp chat has been sent!","data":false}
No image attachment found.
{"status":200,"message":"WhatsApp chat has been sent!","data":false}
No image attachment found.
{"status":200,"message":"WhatsApp chat has been sent!","data":false}
Sending initial message: Attachment received!
Sending winning text: 
No image attachment found.
{"status":200,"message":"WhatsApp chat has been sent!","data":false}
Sending initial message: Attachment received!
Sending winning text: 
Sending initial message: Attachment received!
Sending winning text: 
No image attachment found.
{"status":200,"message":"WhatsApp chat has been sent!","data":false}
No image attachment found.
{"status":200,"message":"WhatsApp chat has been sent!","data":false}
Sending initial message: Attachment received!
Sending winning text: 
No image attachment found.
{"status":200,"message":"WhatsApp chat has been sent!","data":false}
No image attachment found.
{"status":200,"message":"WhatsApp chat has been sent!","data":false}
No image attachment found.
{"status":200,"message":"WhatsApp chat has been sent!","data":false}
No image attachment found.
{"status":200,"message":"WhatsApp chat has been sent!","data":false}
No image attachment found.
{"status":200,"message":"WhatsApp chat has been sent!","data":false}
Sending initial message: Attachment received!
Sending winning text: 
